<?xml version="1.0" encoding="UTF-8"?>
<!-- Generated by org.testng.reporters.JUnitReportReporter -->
<testsuite hostname="DESKTOP-L7E7ROD" failures="0" tests="2" name="practise.Dp_Test1" time="0.008" errors="0" timestamp="2023-03-24T09:47:03 IST" skipped="0">
  <testcase classname="practise.Dp_Test1" name="getData" time="0.006"/>
  <system-out/>
  <testcase classname="practise.Dp_Test1" name="getData" time="0.002"/>
  <system-out/>
</testsuite> <!-- practise.Dp_Test1 -->
