<?xml version="1.0" encoding="UTF-8"?>
<!-- Generated by org.testng.reporters.JUnitReportReporter -->
<testsuite hostname="DESKTOP-L7E7ROD" failures="0" tests="4" name="testMethods.User_TC2" time="0.000" errors="0" timestamp="2023-04-06T12:54:22 IST" skipped="4">
  <testcase classname="testMethods.User_TC2" name="searchProduct" time="0.000">
    <skipped/>
  </testcase> <!-- searchProduct -->
  <system-out/>
  <testcase classname="testMethods.User_TC2" name="product" time="0.000">
    <skipped/>
  </testcase> <!-- product -->
  <system-out/>
  <testcase classname="testMethods.User_TC2" name="updateShipBillAddress" time="0.000">
    <skipped/>
  </testcase> <!-- updateShipBillAddress -->
  <system-out/>
  <testcase classname="testMethods.User_TC2" name="payment" time="0.000">
    <skipped/>
  </testcase> <!-- payment -->
  <system-out/>
</testsuite> <!-- testMethods.User_TC2 -->
