<?xml version="1.0" encoding="UTF-8"?>
<!-- Generated by org.testng.reporters.JUnitReportReporter -->
<testsuite hostname="DESKTOP-L7E7ROD" failures="0" tests="2" name="practise.RunDataProvider" time="0.009" errors="0" timestamp="2023-03-24T09:46:42 IST" skipped="0">
  <testcase classname="practise.RunDataProvider" name="dataProvider" time="0.002"/>
  <system-out/>
  <testcase classname="practise.RunDataProvider" name="dataProvider" time="0.007"/>
  <system-out/>
</testsuite> <!-- practise.RunDataProvider -->
