<?xml version="1.0" encoding="UTF-8"?>
<!-- Generated by org.testng.reporters.JUnitReportReporter -->
<testsuite hostname="DESKTOP-L7E7ROD" failures="0" tests="3" name="practise.GetProductDetails" time="0.017" errors="0" timestamp="2023-03-23T16:20:41 IST" skipped="0">
  <testcase classname="practise.GetProductDetails" name="deleteAccount" time="0.003"/>
  <system-out/>
  <testcase classname="practise.GetProductDetails" name="modifyAccount" time="0.002"/>
  <system-out/>
  <testcase classname="practise.GetProductDetails" name="createAccount" time="0.012"/>
  <system-out/>
</testsuite> <!-- practise.GetProductDetails -->
