<?xml version="1.0" encoding="UTF-8"?>
<!-- Generated by org.testng.reporters.JUnitReportReporter -->
<testsuite hostname="DESKTOP-L7E7ROD" failures="0" tests="2" name="group.Exection_3" time="0.003" errors="0" timestamp="2023-03-28T09:30:31 IST" skipped="0">
  <testcase classname="group.Exection_3" name="Script6" time="0.001"/>
  <system-out/>
  <testcase classname="group.Exection_3" name="Script5" time="0.002"/>
  <system-out/>
</testsuite> <!-- group.Exection_3 -->
