<?xml version="1.0" encoding="UTF-8"?>
<!-- Generated by org.testng.reporters.JUnitReportReporter -->
<testsuite hostname="DESKTOP-L7E7ROD" failures="0" tests="2" name="group.Execution_2" time="0.002" errors="0" timestamp="2023-03-28T09:30:31 IST" skipped="0">
  <testcase classname="group.Execution_2" name="Script3" time="0.001"/>
  <system-out/>
  <testcase classname="group.Execution_2" name="Script4" time="0.001"/>
  <system-out/>
</testsuite> <!-- group.Execution_2 -->
