<?xml version="1.0" encoding="UTF-8"?>
<!-- Generated by org.testng.reporters.JUnitReportReporter -->
<testsuite hostname="DESKTOP-L7E7ROD" failures="0" tests="2" name="practise.ReadMultipleSetDataFromExcel" time="0.009" errors="0" timestamp="2023-03-24T10:56:59 IST" skipped="0">
  <testcase classname="practise.ReadMultipleSetDataFromExcel" name="getData" time="0.002"/>
  <system-out/>
  <testcase classname="practise.ReadMultipleSetDataFromExcel" name="getData" time="0.007"/>
  <system-out/>
</testsuite> <!-- practise.ReadMultipleSetDataFromExcel -->
