<?xml version="1.0" encoding="UTF-8"?>
<!-- Generated by org.testng.reporters.JUnitReportReporter -->
<testsuite hostname="DESKTOP-L7E7ROD" failures="0" tests="2" name="group.batchExecution" time="0.012" errors="0" timestamp="2023-03-28T09:30:31 IST" skipped="0">
  <testcase classname="group.batchExecution" name="Script1" time="0.011"/>
  <system-out/>
  <testcase classname="group.batchExecution" name="Script2" time="0.001"/>
  <system-out/>
</testsuite> <!-- group.batchExecution -->
