<?xml version="1.0" encoding="UTF-8"?>
<!-- Generated by org.testng.reporters.JUnitReportReporter -->
<testsuite hostname="DESKTOP-L7E7ROD" failures="0" tests="1" name="practise.Annotations" time="0.008" errors="0" timestamp="2023-03-24T09:34:17 IST" skipped="0">
  <testcase classname="practise.Annotations" name="testClass" time="0.008"/>
  <system-out/>
</testsuite> <!-- practise.Annotations -->
